<?xml version="1.0" encoding="UTF-8"?>
<!-- Generated by org.testng.reporters.JUnitReportReporter -->
<testsuite hostname="DESKTOP-ITJ9AKB" failures="0" tests="1" name="testCases.TC_Facebook_Login_Page" time="1.129" errors="0" timestamp="2025-06-12T11:31:39 IST" skipped="0">
  <testcase classname="testCases.TC_Facebook_Login_Page" name="verify_facebookLogin" time="1.129"/>
  <system-out/>
</testsuite> <!-- testCases.TC_Facebook_Login_Page -->
