<?xml version="1.0" encoding="UTF-8"?>
<!-- Generated by org.testng.reporters.JUnitReportReporter -->
<testsuite hostname="DESKTOP-ITJ9AKB" failures="0" tests="3" name="day1.test_annotations" time="0.067" errors="0" timestamp="2025-07-09T13:20:47 IST" skipped="0">
  <testcase classname="day1.test_annotations" name="setup5" time="0.028"/>
  <system-out/>
  <testcase classname="day1.test_annotations" name="setup7" time="0.014"/>
  <system-out/>
  <testcase classname="day1.test_annotations" name="setup6" time="0.025"/>
  <system-out/>
</testsuite> <!-- day1.test_annotations -->
