<?xml version="1.0" encoding="UTF-8"?>
<!-- Generated by org.testng.reporters.JUnitReportReporter -->
<testsuite hostname="DESKTOP-ITJ9AKB" failures="0" tests="4" name="TestScripts.googlepageTest" time="0.055" errors="0" timestamp="2025-07-10T09:23:53 IST" skipped="0">
  <testcase classname="TestScripts.googlepageTest" name="display1" time="0.035"/>
  <system-out/>
  <testcase classname="TestScripts.googlepageTest" name="display4" time="0.006"/>
  <system-out/>
  <testcase classname="TestScripts.googlepageTest" name="display6" time="0.007"/>
  <system-out/>
  <testcase classname="TestScripts.googlepageTest" name="display7" time="0.007"/>
  <system-out/>
</testsuite> <!-- TestScripts.googlepageTest -->
