<?xml version="1.0" encoding="UTF-8"?>
<!-- Generated by org.testng.reporters.JUnitReportReporter -->
<testsuite hostname="DESKTOP-ITJ9AKB" failures="0" tests="8" name="TestScripts.googlepageTest" time="48.694" errors="0" timestamp="2025-07-09T14:05:47 IST" skipped="0">
  <testcase classname="TestScripts.googlepageTest" name="display" time="3.095"/>
  <system-out/>
  <testcase classname="TestScripts.googlepageTest" name="display1" time="5.168"/>
  <system-out/>
  <testcase classname="TestScripts.googlepageTest" name="display" time="4.244"/>
  <system-out/>
  <testcase classname="TestScripts.googlepageTest" name="display1" time="4.967"/>
  <system-out/>
  <testcase classname="TestScripts.googlepageTest" name="openurl" time="10.905"/>
  <system-out/>
  <testcase classname="TestScripts.googlepageTest" name="display2" time="4.322"/>
  <system-out/>
  <testcase classname="TestScripts.googlepageTest" name="display2" time="3.921"/>
  <system-out/>
  <testcase classname="TestScripts.googlepageTest" name="openurl" time="12.072"/>
  <system-out/>
</testsuite> <!-- TestScripts.googlepageTest -->
