<?xml version="1.0" encoding="UTF-8"?>
<!-- Generated by org.testng.reporters.JUnitReportReporter -->
<testsuite hostname="DESKTOP-ITJ9AKB" failures="0" tests="8" name="TestScripts.googlepagetest_new" time="160.592" errors="0" timestamp="2025-07-09T14:05:47 IST" skipped="0">
  <testcase classname="TestScripts.googlepagetest_new" name="display1" time="5.333"/>
  <system-out/>
  <testcase classname="TestScripts.googlepagetest_new" name="display" time="50.237"/>
  <system-out/>
  <testcase classname="TestScripts.googlepagetest_new" name="display1" time="4.705"/>
  <system-out/>
  <testcase classname="TestScripts.googlepagetest_new" name="display" time="51.875"/>
  <system-out/>
  <testcase classname="TestScripts.googlepagetest_new" name="display2" time="5.503"/>
  <system-out/>
  <testcase classname="TestScripts.googlepagetest_new" name="display2" time="8.577"/>
  <system-out/>
  <testcase classname="TestScripts.googlepagetest_new" name="openurl" time="19.028"/>
  <system-out/>
  <testcase classname="TestScripts.googlepagetest_new" name="openurl" time="15.334"/>
  <system-out/>
</testsuite> <!-- TestScripts.googlepagetest_new -->
